Removed Member From Class: ClassName=SWC_P01 Member=C18
Removed Member From Class: ClassName=SWC_P01 Member=R22
Removed Member From Class: ClassName=SWC_P01 Member=X18
Removed Member From Class: ClassName=SWC_P01 Member=X19
Change Component Designator: OldDesignator=C7 NewDesignator=C9
Change Component Designator: OldDesignator=C9 NewDesignator=C17
Change Component Designator: OldDesignator=C10 NewDesignator=C7
Change Component Designator: OldDesignator=C11 NewDesignator=C12
Change Component Designator: OldDesignator=C12 NewDesignator=C10
Change Component Designator: OldDesignator=C13 NewDesignator=C11
Change Component Designator: OldDesignator=C15 NewDesignator=C14
Change Component Designator: OldDesignator=C16 NewDesignator=C15
Change Component Designator: OldDesignator=C17 NewDesignator=C16
Change Component Designator: OldDesignator=C18 NewDesignator=C13
Change Component Designator: OldDesignator=R1 NewDesignator=R19
Change Component Designator: OldDesignator=R2 NewDesignator=R18
Change Component Designator: OldDesignator=R3 NewDesignator=R16
Change Component Designator: OldDesignator=R4 NewDesignator=R17
Change Component Designator: OldDesignator=R8 NewDesignator=R3
Change Component Designator: OldDesignator=R9 NewDesignator=R2
Change Component Designator: OldDesignator=R10 NewDesignator=R4
Change Component Designator: OldDesignator=R11 NewDesignator=R1
Change Component Designator: OldDesignator=R13 NewDesignator=R8
Change Component Designator: OldDesignator=R14 NewDesignator=R9
Change Component Designator: OldDesignator=R15 NewDesignator=R10
Change Component Designator: OldDesignator=R16 NewDesignator=R11
Change Component Designator: OldDesignator=R17 NewDesignator=R12
Change Component Designator: OldDesignator=R18 NewDesignator=R13
Change Component Designator: OldDesignator=R19 NewDesignator=R14
Change Component Designator: OldDesignator=R20 NewDesignator=R15
Change Component Designator: OldDesignator=R22 NewDesignator=R20
Change Component Designator: OldDesignator=X1 NewDesignator=X02
Change Component Designator: OldDesignator=X2 NewDesignator=X61
Change Component Designator: OldDesignator=X3 NewDesignator=X51
Change Component Designator: OldDesignator=X4 NewDesignator=X31
Change Component Designator: OldDesignator=X5 NewDesignator=X41
Change Component Designator: OldDesignator=X6 NewDesignator=X00
Change Component Designator: OldDesignator=X7 NewDesignator=X03
Change Component Designator: OldDesignator=X9 NewDesignator=X01
Change Component Designator: OldDesignator=X11 NewDesignator=X20
Change Component Designator: OldDesignator=X12 NewDesignator=X30
Change Component Designator: OldDesignator=X13 NewDesignator=X40
Change Component Designator: OldDesignator=X14 NewDesignator=X21
Change Component Designator: OldDesignator=X15 NewDesignator=X22
Change Component Designator: OldDesignator=X16 NewDesignator=X23
Change Component Designator: OldDesignator=X17 NewDesignator=X24
Change Component Designator: OldDesignator=X18 NewDesignator=X11
Change Component Designator: OldDesignator=X19 NewDesignator=X12
Change Component Designator: OldDesignator=X20 NewDesignator=X13
Change Component Designator: OldDesignator=X21 NewDesignator=X14
Change Component Designator: OldDesignator=X22 NewDesignator=X81
Change Component Designator: OldDesignator=X23 NewDesignator=X71
Change Component Designator: OldDesignator=X24 NewDesignator=X50
Change Component Designator: OldDesignator=X25 NewDesignator=X60
Change Component Designator: OldDesignator=X26 NewDesignator=X70
Change Component Designator: OldDesignator=X27 NewDesignator=X80
Change Net Name : Old Net Name=+24 New Net Name=+24V
Change Net Name : Old Net Name=NetC7_1 New Net Name=NetC9_1
Change Net Name : Old Net Name=NetC10_2 New Net Name=NetC7_2
Change Net Name : Old Net Name=NetR1_1 New Net Name=NetR19_1
Change Net Name : Old Net Name=NetR1_2 New Net Name=NetR19_2
Change Net Name : Old Net Name=NetR2_1 New Net Name=NetR18_1
Change Net Name : Old Net Name=NetR2_2 New Net Name=NetR18_2
Change Net Name : Old Net Name=NetR3_1 New Net Name=NetR16_1
Change Net Name : Old Net Name=NetR3_2 New Net Name=NetR16_2
Change Net Name : Old Net Name=NetR4_1 New Net Name=NetR17_1
Change Net Name : Old Net Name=NetR4_2 New Net Name=NetR17_2
Change Net Name : Old Net Name=NetR9_1 New Net Name=NetR2_1
Change Net Name : Old Net Name=NetR13_2 New Net Name=NetR8_2
Change Net Name : Old Net Name=NetR14_2 New Net Name=NetR9_2
Change Net Name : Old Net Name=NetR15_2 New Net Name=NetR10_2
Change Net Name : Old Net Name=NetR16_2 New Net Name=NetR11_2
Change Net Name : Old Net Name=NetR17_2 New Net Name=NetR12_2
Change Net Name : Old Net Name=NetR18_2 New Net Name=NetR13_2
Change Net Name : Old Net Name=NetR19_2 New Net Name=NetR14_2
Change Net Name : Old Net Name=NetR20_2 New Net Name=NetR15_2
Change Net Name : Old Net Name=NetR22_1 New Net Name=NetR20_1
Change Net Name : Old Net Name=NetR22_2 New Net Name=NetR20_2
Added Member To Class: ClassName=SWC_P01 Member=Component C14 SMD Capacitor
Added Member To Class: ClassName=SWC_P01 Member=Component C15 SMD Capacitor
Added Member To Class: ClassName=SWC_P01 Member=Component C17 CAP 100nF 10V 0603(1608)
Added Member To Class: ClassName=SWC_P01 Member=Component R17 SMD Resistor
Added Member To Class: ClassName=SWC_P01 Member=Component U5 AT90CAN128-16AI
Added Member To Class: ClassName=SWC_P01 Member=Component X21 SolderTerminal
Added Member To Class: ClassName=SWC_P01 Member=Component X30 SolderTerminal
Added Member To Class: ClassName=SWC_P01 Member=Component X40 SolderTerminal
Added Room: Name=SWC_P01
