Added Component: Designator=C1(CAP 0603/1608)
Add component (AddParameter): Name = "Value"; Value = "1uF"; VariantName = "[No Variations]"
Added Component: Designator=C2(CAP 0603/1608)
Add component (AddParameter): Name = "Value"; Value = "100nF"; VariantName = "[No Variations]"
Added Component: Designator=C3(CAP 0603/1608)
Add component (AddParameter): Name = "Value"; Value = "1uF"; VariantName = "[No Variations]"
Added Component: Designator=C4(CAP 0603/1608)
Add component (AddParameter): Name = "Value"; Value = "100nF"; VariantName = "[No Variations]"
Added Component: Designator=C5(CAP 0603/1608)
Add component (AddParameter): Name = "Value"; Value = "1uF"; VariantName = "[No Variations]"
Added Component: Designator=C6(CAP 0603/1608)
Add component (AddParameter): Name = "Value"; Value = "100nF"; VariantName = "[No Variations]"
Added Component: Designator=C7(CAP 0603/1608)
Add component (AddParameter): Name = "Value"; Value = "4u7"; VariantName = "[No Variations]"
Added Component: Designator=C8(CAP 0603/1608)
Add component (AddParameter): Name = "Value"; Value = "18pF"; VariantName = "[No Variations]"
Added Component: Designator=C9(CAPC0603(1608)100_L)
Add component (AddParameter): Name = "Case-EIA"; Value = "0603"; VariantName = "[No Variations]"
Add component (AddParameter): Name = "Case-Metric"; Value = "1608"; VariantName = "[No Variations]"
Add component (AddParameter): Name = "Max Thickness"; Value = "1 mm"; VariantName = "[No Variations]"
Add component (AddParameter): Name = "Rated Voltage"; Value = "10 V"; VariantName = "[No Variations]"
Add component (AddParameter): Name = "Technology"; Value = "SMT"; VariantName = "[No Variations]"
Add component (AddParameter): Name = "Tolerance"; Value = "±5%"; VariantName = "[No Variations]"
Add component (AddParameter): Name = "Value"; Value = "100nF"; VariantName = "[No Variations]"
Added Component: Designator=C10(CAP 0603/1608)
Add component (AddParameter): Name = "Value"; Value = "18pF"; VariantName = "[No Variations]"
Added Component: Designator=C11(CAP 0603/1608)
Add component (AddParameter): Name = "Value"; Value = "1uF"; VariantName = "[No Variations]"
Added Component: Designator=C12(CAP 0603/1608)
Add component (AddParameter): Name = "Value"; Value = "100n"; VariantName = "[No Variations]"
Added Component: Designator=C13(CAP 0603/1608)
Add component (AddParameter): Name = "Value"; Value = "100n"; VariantName = "[No Variations]"
Added Component: Designator=C15(CAP 0603/1608)
Add component (AddParameter): Name = "Value"; Value = "10nF"; VariantName = "[No Variations]"
Added Component: Designator=C16(CAP 0603/1608)
Add component (AddParameter): Name = "Value"; Value = "220nF"; VariantName = "[No Variations]"
Added Component: Designator=C17(CAP 0603/1608)
Add component (AddParameter): Name = "Value"; Value = "100nF"; VariantName = "[No Variations]"
Added Component: Designator=C18(CAP 0603/1608)
Add component (AddParameter): Name = "Value"; Value = "100nF"; VariantName = "[No Variations]"
Added Component: Designator=D1 Fault(WL-SMCW_0603_H=0.7mm)
Add component (AddParameter): Name = "Chip Technology"; Value = "AlInGaP"; VariantName = "[No Variations]"
Add component (AddParameter): Name = "ComponentLink1Description"; Value = "Manufacturer"; VariantName = "[No Variations]"
Add component (AddParameter): Name = "ComponentLink1URL"; Value = "http://www.we-online.de"; VariantName = "[No Variations]"
Add component (AddParameter): Name = "ComponentLink2Description"; Value = "Datasheet"; VariantName = "[No Variations]"
Add component (AddParameter): Name = "ComponentLink2URL"; Value = "https://www.we-online.com/catalog/datasheet/150060RS75000.pdf"; VariantName = "[No Variations]"
Add component (AddParameter): Name = "Dominant Wavelength typ."; Value = "625nm"; VariantName = "[No Variations]"
Add component (AddParameter): Name = "Emitting Color"; Value = "Red"; VariantName = "[No Variations]"
Add component (AddParameter): Name = "Forward Voltage typ."; Value = "2V"; VariantName = "[No Variations]"
Add component (AddParameter): Name = "Luminous Intensity typ."; Value = "250mcd"; VariantName = "[No Variations]"
Add component (AddParameter): Name = "Mounting Technology"; Value = "SMT"; VariantName = "[No Variations]"
Add component (AddParameter): Name = "Operating Temperature"; Value = "-40 to +85degC"; VariantName = "[No Variations]"
Add component (AddParameter): Name = "Packaging"; Value = "Tape and Reel"; VariantName = "[No Variations]"
Add component (AddParameter): Name = "Part Number"; Value = "150060RS75000"; VariantName = "[No Variations]"
Add component (AddParameter): Name = "Peak Wavelength typ."; Value = "630nm"; VariantName = "[No Variations]"
Add component (AddParameter): Name = "Published Date"; Value = "December 2019"; VariantName = "[No Variations]"
Add component (AddParameter): Name = "Publisher"; Value = "Wurth Elektronik"; VariantName = "[No Variations]"
Add component (AddParameter): Name = "Size"; Value = "0603"; VariantName = "[No Variations]"
Add component (AddParameter): Name = "Viewing Angle"; Value = "140deg"; VariantName = "[No Variations]"
Added Component: Designator=D2 Heart(WL-SMCW_0603_H=0.7mm)
Add component (AddParameter): Name = "Chip Technology"; Value = "InGaN"; VariantName = "[No Variations]"
Add component (AddParameter): Name = "ComponentLink1Description"; Value = "Manufacturer"; VariantName = "[No Variations]"
Add component (AddParameter): Name = "ComponentLink1URL"; Value = "http://www.we-online.de"; VariantName = "[No Variations]"
Add component (AddParameter): Name = "ComponentLink2Description"; Value = "Datasheet"; VariantName = "[No Variations]"
Add component (AddParameter): Name = "ComponentLink2URL"; Value = "https://www.we-online.com/catalog/datasheet/150060BS75000.pdf"; VariantName = "[No Variations]"
Add component (AddParameter): Name = "Dominant Wavelength typ."; Value = "470nm"; VariantName = "[No Variations]"
Add component (AddParameter): Name = "Emitting Color"; Value = "Blue"; VariantName = "[No Variations]"
Add component (AddParameter): Name = "Forward Voltage typ."; Value = "3.2V"; VariantName = "[No Variations]"
Add component (AddParameter): Name = "Luminous Intensity typ."; Value = "145mcd"; VariantName = "[No Variations]"
Add component (AddParameter): Name = "Mounting Technology"; Value = "SMT"; VariantName = "[No Variations]"
Add component (AddParameter): Name = "Operating Temperature"; Value = "-40 to +85degC"; VariantName = "[No Variations]"
Add component (AddParameter): Name = "Packaging"; Value = "Tape and Reel"; VariantName = "[No Variations]"
Add component (AddParameter): Name = "Part Number"; Value = "150060BS75000"; VariantName = "[No Variations]"
Add component (AddParameter): Name = "Peak Wavelength typ."; Value = "465nm"; VariantName = "[No Variations]"
Add component (AddParameter): Name = "Published Date"; Value = "December 2019"; VariantName = "[No Variations]"
Add component (AddParameter): Name = "Publisher"; Value = "Wurth Elektronik"; VariantName = "[No Variations]"
Add component (AddParameter): Name = "Size"; Value = "0603"; VariantName = "[No Variations]"
Add component (AddParameter): Name = "Viewing Angle"; Value = "140deg"; VariantName = "[No Variations]"
Added Component: Designator=D3(WL-SMCW_0603_H=0.7mm)
Add component (AddParameter): Name = "Chip Technology"; Value = "InGaN"; VariantName = "[No Variations]"
Add component (AddParameter): Name = "ComponentLink1Description"; Value = "Manufacturer"; VariantName = "[No Variations]"
Add component (AddParameter): Name = "ComponentLink1URL"; Value = "http://www.we-online.de"; VariantName = "[No Variations]"
Add component (AddParameter): Name = "ComponentLink2Description"; Value = "Datasheet"; VariantName = "[No Variations]"
Add component (AddParameter): Name = "ComponentLink2URL"; Value = "https://www.we-online.com/catalog/datasheet/150060GS75000.pdf"; VariantName = "[No Variations]"
Add component (AddParameter): Name = "Dominant Wavelength typ."; Value = "525nm"; VariantName = "[No Variations]"
Add component (AddParameter): Name = "Emitting Color"; Value = "Green"; VariantName = "[No Variations]"
Add component (AddParameter): Name = "Forward Voltage typ."; Value = "3.2V"; VariantName = "[No Variations]"
Add component (AddParameter): Name = "Luminous Intensity typ."; Value = "430mcd"; VariantName = "[No Variations]"
Add component (AddParameter): Name = "Mounting Technology"; Value = "SMT"; VariantName = "[No Variations]"
Add component (AddParameter): Name = "Operating Temperature"; Value = "-40 to +85degC"; VariantName = "[No Variations]"
Add component (AddParameter): Name = "Packaging"; Value = "Tape and Reel"; VariantName = "[No Variations]"
Add component (AddParameter): Name = "Part Number"; Value = "150060GS75000"; VariantName = "[No Variations]"
Add component (AddParameter): Name = "Peak Wavelength typ."; Value = "515nm"; VariantName = "[No Variations]"
Add component (AddParameter): Name = "Published Date"; Value = "December 2019"; VariantName = "[No Variations]"
Add component (AddParameter): Name = "Publisher"; Value = "Wurth Elektronik"; VariantName = "[No Variations]"
Add component (AddParameter): Name = "Size"; Value = "0603"; VariantName = "[No Variations]"
Add component (AddParameter): Name = "Viewing Angle"; Value = "140deg"; VariantName = "[No Variations]"
Added Component: Designator=J1(SMD-JUMPER-3)
Added Component: Designator=JTAG2(TECO-5103309-1_V)
Add component (AddParameter): Name = "Board Standoff"; Value = "Yes(With)"; VariantName = "[No Variations]"
Add component (AddParameter): Name = "Body Material"; Value = "Thermoplastic"; VariantName = "[No Variations]"
Add component (AddParameter): Name = "Colour"; Value = "Black"; VariantName = "[No Variations]"
Add component (AddParameter): Name = "Connector System"; Value = "Wire-to-Board"; VariantName = "[No Variations]"
Add component (AddParameter): Name = "Connector Type"; Value = "Header"; VariantName = "[No Variations]"
Add component (AddParameter): Name = "Contact Gender"; Value = "Male"; VariantName = "[No Variations]"
Add component (AddParameter): Name = "Contact Material"; Value = "CopperAlloy"; VariantName = "[No Variations]"
Add component (AddParameter): Name = "Contact Mating Length"; Value = "0.24inch"; VariantName = "[No Variations]"
Add component (AddParameter): Name = "Contact Plating"; Value = "Gold"; VariantName = "[No Variations]"
Add component (AddParameter): Name = "Contact Shape"; Value = "Square"; VariantName = "[No Variations]"
Add component (AddParameter): Name = "Current Rating"; Value = "1A"; VariantName = "[No Variations]"
Add component (AddParameter): Name = "Datasheet URL"; Value = "http://www.te.com/commerce/DocumentDelivery/DDEController?Action=showdoc&DocId=Customer+Drawing%7F5103309%7FE1%7Fpdf%7FEnglish%7FENG_CD_5103309_E1.pdf%7F5103309-1"; VariantName = "[No Variations]"
Add component (AddParameter): Name = "Datasheet Version"; Value = "Rev. E1, 03/2011"; VariantName = "[No Variations]"
Add component (AddParameter): Name = "Depth"; Value = "9.14mm"; VariantName = "[No Variations]"
Add component (AddParameter): Name = "ELV"; Value = "Compliant"; VariantName = "[No Variations]"
Add component (AddParameter): Name = "Flammability Rating"; Value = "UL94V-0"; VariantName = "[No Variations]"
Add component (AddParameter): Name = "Gender"; Value = "Male"; VariantName = "[No Variations]"
Add component (AddParameter): Name = "Height"; Value = "8.813mm"; VariantName = "[No Variations]"
Add component (AddParameter): Name = "Housing Colour"; Value = "Black"; VariantName = "[No Variations]"
Add component (AddParameter): Name = "Housing Material"; Value = "PBT"; VariantName = "[No Variations]"
Add component (AddParameter): Name = "Insulation Resistance"; Value = "5GR"; VariantName = "[No Variations]"
Add component (AddParameter): Name = "Lead Free"; Value = "LeadFree"; VariantName = "[No Variations]"
Add component (AddParameter): Name = "Length"; Value = "0.8inch"; VariantName = "[No Variations]"
Add component (AddParameter): Name = "Manufacturer"; Value = "TE Connectivity"; VariantName = "[No Variations]"
Add component (AddParameter): Name = "Manufacturer URL"; Value = "http://www.te.com/"; VariantName = "[No Variations]"
Add component (AddParameter): Name = "Mating Alignment"; Value = "Yes(With)"; VariantName = "[No Variations]"
Add component (AddParameter): Name = "Mating Connector Lock"; Value = "No(Without)"; VariantName = "[No Variations]"
Add component (AddParameter): Name = "Mating Retention"; Value = "No(Without)"; VariantName = "[No Variations]"
Add component (AddParameter): Name = "Max Current Rating"; Value = "1A"; VariantName = "[No Variations]"
Add component (AddParameter): Name = "Max Operating Temperature"; Value = "105degC"; VariantName = "[No Variations]"
Add component (AddParameter): Name = "Min Operating Temperature"; Value = "-65degC"; VariantName = "[No Variations]"
Add component (AddParameter): Name = "Mount"; Value = "ThroughHole"; VariantName = "[No Variations]"
Add component (AddParameter): Name = "Mounting Technology"; Value = "ThroughHole"; VariantName = "[No Variations]"
Add component (AddParameter): Name = "Number of Contacts"; Value = "10"; VariantName = "[No Variations]"
Add component (AddParameter): Name = "Number of Positions"; Value = "10"; VariantName = "[No Variations]"
Add component (AddParameter): Name = "Number of Rows"; Value = "2"; VariantName = "[No Variations]"
Add component (AddParameter): Name = "Orientation"; Value = "Straight"; VariantName = "[No Variations]"
Add component (AddParameter): Name = "Package Description"; Value = "Male Header, Pitch 2.54 mm, 2 x 5 Position, Height 9.855 mm, Tail Length 3.048 mm"; VariantName = "[No Variations]"
Add component (AddParameter): Name = "Package Quantity"; Value = "35"; VariantName = "[No Variations]"
Add component (AddParameter): Name = "Package Reference"; Value = "5103309-1"; VariantName = "[No Variations]"
Add component (AddParameter): Name = "Packaging"; Value = "Rail/Tube"; VariantName = "[No Variations]"
Add component (AddParameter): Name = "Panel Mount Retention"; Value = "No(Without)"; VariantName = "[No Variations]"
Add component (AddParameter): Name = "PCB Mount Alignment"; Value = "No(Without)"; VariantName = "[No Variations]"
Add component (AddParameter): Name = "PCB Mount Retention"; Value = "Without"; VariantName = "[No Variations]"
Add component (AddParameter): Name = "PCB Mounting Orientation"; Value = "Vertical"; VariantName = "[No Variations]"
Add component (AddParameter): Name = "Pitch"; Value = "2.54mm"; VariantName = "[No Variations]"
Add component (AddParameter): Name = "REACH SVHC"; Value = "NoSVHC"; VariantName = "[No Variations]"
Add component (AddParameter): Name = "RoHSCompliant"; Value = "True"; VariantName = "[No Variations]"
Add component (AddParameter): Name = "Row Spacing"; Value = "2.54mm"; VariantName = "[No Variations]"
Add component (AddParameter): Name = "Shrouded"; Value = "Yes(With)"; VariantName = "[No Variations]"
Add component (AddParameter): Name = "Shrouded End Dimension"; Value = "3.81mm"; VariantName = "[No Variations]"
Add component (AddParameter): Name = "Termination"; Value = "ThroughHole"; VariantName = "[No Variations]"
Add component (AddParameter): Name = "Termination Post Length"; Value = "0.12inch"; VariantName = "[No Variations]"
Added Component: Designator=Q1(NDK NX5032GA)
Added Component: Designator=R1(STACKPOLE CSR0603)
Add component (AddParameter): Name = "Value"; Value = "10k"; VariantName = "[No Variations]"
Added Component: Designator=R2(STACKPOLE CSR0603)
Add component (AddParameter): Name = "Value"; Value = "10k"; VariantName = "[No Variations]"
Added Component: Designator=R3(STACKPOLE CSR0603)
Add component (AddParameter): Name = "Value"; Value = "10k"; VariantName = "[No Variations]"
Added Component: Designator=R4(STACKPOLE CSR0603)
Add component (AddParameter): Name = "Value"; Value = "10k"; VariantName = "[No Variations]"
Added Component: Designator=R5(STACKPOLE CSR0603)
Add component (AddParameter): Name = "Value"; Value = "1k"; VariantName = "[No Variations]"
Added Component: Designator=R6(STACKPOLE CSR0603)
Add component (AddParameter): Name = "Value"; Value = "1k"; VariantName = "[No Variations]"
Added Component: Designator=R7(STACKPOLE CSR0603)
Add component (AddParameter): Name = "Value"; Value = "1k"; VariantName = "[No Variations]"
Added Component: Designator=R8(STACKPOLE CSR0603)
Add component (AddParameter): Name = "Value"; Value = "60"; VariantName = "[No Variations]"
Added Component: Designator=R9(STACKPOLE CSR0603)
Add component (AddParameter): Name = "Value"; Value = "300"; VariantName = "[No Variations]"
Added Component: Designator=R10(STACKPOLE CSR0603)
Add component (AddParameter): Name = "Value"; Value = "60"; VariantName = "[No Variations]"
Added Component: Designator=R11(STACKPOLE CSR0603)
Add component (AddParameter): Name = "Value"; Value = ""; VariantName = "[No Variations]"
Added Component: Designator=R13(STACKPOLE CSR0603)
Add component (AddParameter): Name = "Value"; Value = "10k"; VariantName = "[No Variations]"
Added Component: Designator=R14(STACKPOLE CSR0603)
Add component (AddParameter): Name = "Value"; Value = "10k"; VariantName = "[No Variations]"
Added Component: Designator=R15(STACKPOLE CSR0603)
Add component (AddParameter): Name = "Value"; Value = "10k"; VariantName = "[No Variations]"
Added Component: Designator=R16(STACKPOLE CSR0603)
Add component (AddParameter): Name = "Value"; Value = "10k"; VariantName = "[No Variations]"
Added Component: Designator=R17(STACKPOLE CSR0603)
Add component (AddParameter): Name = "Value"; Value = "10k"; VariantName = "[No Variations]"
Added Component: Designator=R18(STACKPOLE CSR0603)
Add component (AddParameter): Name = "Value"; Value = "10k"; VariantName = "[No Variations]"
Added Component: Designator=R19(STACKPOLE CSR0603)
Add component (AddParameter): Name = "Value"; Value = "10k"; VariantName = "[No Variations]"
Added Component: Designator=R20(STACKPOLE CSR0603)
Add component (AddParameter): Name = "Value"; Value = "10k"; VariantName = "[No Variations]"
Added Component: Designator=R21(STACKPOLE CSR0603)
Add component (AddParameter): Name = "Value"; Value = "10k"; VariantName = "[No Variations]"
Added Component: Designator=R22(STACKPOLE CSR0603)
Add component (AddParameter): Name = "Value"; Value = "10k"; VariantName = "[No Variations]"
Added Component: Designator=U1(*SOIC127P600X175-8N)
Add component (AddParameter): Name = "Availability"; Value = "Unavailable"; VariantName = "[No Variations]"
Add component (AddParameter): Name = "MF"; Value = "Microchip"; VariantName = "[No Variations]"
Add component (AddParameter): Name = "MP"; Value = "MCP2551-I/SN"; VariantName = "[No Variations]"
Add component (AddParameter): Name = "Package"; Value = "SOIC-8 Microchip"; VariantName = "[No Variations]"
Add component (AddParameter): Name = "Price"; Value = "None"; VariantName = "[No Variations]"
Add component (AddParameter): Name = "SnapEDA_Link"; Value = "https://www.snapeda.com/parts/MCP2551-I/SN/Microchip/view-part/?ref=snap"; VariantName = "[No Variations]"
Add component (AddParameter): Name = "Value"; Value = ""; VariantName = "[No Variations]"
Added Component: Designator=U5(*QFP80P1600X1600X120-64N)
Add component (AddParameter): Name = "Availability"; Value = "Unavailable"; VariantName = "[No Variations]"
Add component (AddParameter): Name = "MF"; Value = "Microchip"; VariantName = "[No Variations]"
Add component (AddParameter): Name = "MP"; Value = "AT90CAN128-16AI"; VariantName = "[No Variations]"
Add component (AddParameter): Name = "Package"; Value = "TQFP-64 Microchip"; VariantName = "[No Variations]"
Add component (AddParameter): Name = "Price"; Value = "None"; VariantName = "[No Variations]"
Add component (AddParameter): Name = "SnapEDA_Link"; Value = "https://www.snapeda.com/parts/AT90CAN128-16AI/Microchip/view-part/?ref=snap"; VariantName = "[No Variations]"
Add component (AddParameter): Name = "Value"; Value = ""; VariantName = "[No Variations]"
Added Component: Designator=U6(DPAK254P1542X460-3M)
Added Component: Designator=U8(*SOT95P237X112-3N)
Add component (AddParameter): Name = "Availability"; Value = "Unavailable"; VariantName = "[No Variations]"
Add component (AddParameter): Name = "MF"; Value = "Microchip"; VariantName = "[No Variations]"
Add component (AddParameter): Name = "MP"; Value = "MCP120T-450I/TT"; VariantName = "[No Variations]"
Add component (AddParameter): Name = "Package"; Value = "SOT-23-3 Microchip"; VariantName = "[No Variations]"
Add component (AddParameter): Name = "Price"; Value = "None"; VariantName = "[No Variations]"
Add component (AddParameter): Name = "SnapEDA_Link"; Value = "https://www.snapeda.com/parts/MCP120T-450I/TT/Microchip/view-part/?ref=snap"; VariantName = "[No Variations]"
Add component (AddParameter): Name = "Value"; Value = ""; VariantName = "[No Variations]"
Added Component: Designator=X1(SolderTerminal)
Added Component: Designator=X2(SolderTerminal)
Added Component: Designator=X3(SolderTerminal)
Added Component: Designator=X4(SolderTerminal)
Added Component: Designator=X5(SolderTerminal)
Added Component: Designator=X6(SolderTerminal)
Added Component: Designator=X7(SolderTerminal)
Added Component: Designator=X9(SolderTerminal)
Added Component: Designator=X10(SolderTerminal)
Added Component: Designator=X11(SolderTerminal)
Added Component: Designator=X12(SolderTerminal)
Added Component: Designator=X13(SolderTerminal)
Added Component: Designator=X14(SolderTerminal)
Added Component: Designator=X15(SolderTerminal)
Added Component: Designator=X16(SolderTerminal)
Added Component: Designator=X17(SolderTerminal)
Added Component: Designator=X18(SolderTerminal)
Added Component: Designator=X19(SolderTerminal)
Added Component: Designator=X20(SolderTerminal)
Added Component: Designator=X21(SolderTerminal)
Added Component: Designator=X22(SolderTerminal)
Added Component: Designator=X23(SolderTerminal)
Added Component: Designator=X24(SolderTerminal)
Added Component: Designator=X25(SolderTerminal)
Added Component: Designator=X26(SolderTerminal)
Added Component: Designator=X27(SolderTerminal)
Added Pin To Net: NetName=+5 Pin=C1-2
Added Pin To Net: NetName=+5 Pin=C2-2
Added Pin To Net: NetName=+5 Pin=C3-2
Added Pin To Net: NetName=+5 Pin=C4-2
Added Pin To Net: NetName=+5 Pin=C5-2
Added Pin To Net: NetName=+5 Pin=C6-2
Added Pin To Net: NetName=+5 Pin=U5-21
Added Pin To Net: NetName=+5 Pin=U5-52
Added Pin To Net: NetName=+5 Pin=U5-64
Added Net: Name=+5
Added Pin To Net: NetName=+5V Pin=C9-1
Added Pin To Net: NetName=+5V Pin=C11-1
Added Pin To Net: NetName=+5V Pin=C18-1
Added Pin To Net: NetName=+5V Pin=JTAG2-4
Added Pin To Net: NetName=+5V Pin=JTAG2-7
Added Pin To Net: NetName=+5V Pin=R7-2
Added Pin To Net: NetName=+5V Pin=U6-3
Added Pin To Net: NetName=+5V Pin=U8-2
Added Net: Name=+5V
Added Pin To Net: NetName=+24 Pin=C15-1
Added Pin To Net: NetName=+24 Pin=C16-1
Added Pin To Net: NetName=+24 Pin=C17-1
Added Pin To Net: NetName=+24 Pin=U6-1
Added Pin To Net: NetName=+24 Pin=X9-1
Added Net: Name=+24
Added Pin To Net: NetName=5V Pin=C12-2
Added Pin To Net: NetName=5V Pin=C13-2
Added Pin To Net: NetName=5V Pin=U1-3
Added Net: Name=5V
Added Pin To Net: NetName=CAN_N Pin=R8-1
Added Pin To Net: NetName=CAN_N Pin=U1-6
Added Pin To Net: NetName=CAN_N Pin=X7-1
Added Net: Name=CAN_N
Added Pin To Net: NetName=CAN_P Pin=R10-2
Added Pin To Net: NetName=CAN_P Pin=U1-7
Added Pin To Net: NetName=CAN_P Pin=X1-1
Added Net: Name=CAN_P
Added Pin To Net: NetName=GND Pin=C1-1
Added Pin To Net: NetName=GND Pin=C2-1
Added Pin To Net: NetName=GND Pin=C3-1
Added Pin To Net: NetName=GND Pin=C4-1
Added Pin To Net: NetName=GND Pin=C5-1
Added Pin To Net: NetName=GND Pin=C6-1
Added Pin To Net: NetName=GND Pin=C7-2
Added Pin To Net: NetName=GND Pin=C8-1
Added Pin To Net: NetName=GND Pin=C9-2
Added Pin To Net: NetName=GND Pin=C10-1
Added Pin To Net: NetName=GND Pin=C11-2
Added Pin To Net: NetName=GND Pin=C12-1
Added Pin To Net: NetName=GND Pin=C13-1
Added Pin To Net: NetName=GND Pin=C15-2
Added Pin To Net: NetName=GND Pin=C16-2
Added Pin To Net: NetName=GND Pin=C17-2
Added Pin To Net: NetName=GND Pin=C18-2
Added Pin To Net: NetName=GND Pin=D1 Fault-1
Added Pin To Net: NetName=GND Pin=D2 Heart-1
Added Pin To Net: NetName=GND Pin=D3-1
Added Pin To Net: NetName=GND Pin=J1-1
Added Pin To Net: NetName=GND Pin=JTAG2-2
Added Pin To Net: NetName=GND Pin=JTAG2-10
Added Pin To Net: NetName=GND Pin=R11-1
Added Pin To Net: NetName=GND Pin=U1-2
Added Pin To Net: NetName=GND Pin=U5-22
Added Pin To Net: NetName=GND Pin=U5-53
Added Pin To Net: NetName=GND Pin=U5-63
Added Pin To Net: NetName=GND Pin=U6-4
Added Pin To Net: NetName=GND Pin=U8-3
Added Pin To Net: NetName=GND Pin=X6-1
Added Pin To Net: NetName=GND Pin=X10-1
Added Pin To Net: NetName=GND Pin=X11-1
Added Pin To Net: NetName=GND Pin=X12-1
Added Pin To Net: NetName=GND Pin=X13-1
Added Pin To Net: NetName=GND Pin=X24-1
Added Pin To Net: NetName=GND Pin=X25-1
Added Pin To Net: NetName=GND Pin=X26-1
Added Pin To Net: NetName=GND Pin=X27-1
Added Net: Name=GND
Added Pin To Net: NetName=JTAG_TCK Pin=JTAG2-1
Added Pin To Net: NetName=JTAG_TCK Pin=U5-57
Added Net: Name=JTAG_TCK
Added Pin To Net: NetName=JTAG_TDI Pin=JTAG2-9
Added Pin To Net: NetName=JTAG_TDI Pin=U5-54
Added Net: Name=JTAG_TDI
Added Pin To Net: NetName=JTAG_TDO Pin=JTAG2-3
Added Pin To Net: NetName=JTAG_TDO Pin=U5-55
Added Net: Name=JTAG_TDO
Added Pin To Net: NetName=JTAG_TMS Pin=JTAG2-5
Added Pin To Net: NetName=JTAG_TMS Pin=U5-56
Added Net: Name=JTAG_TMS
Added Pin To Net: NetName=NetC7_1 Pin=C7-1
Added Pin To Net: NetName=NetC7_1 Pin=R8-2
Added Pin To Net: NetName=NetC7_1 Pin=R9-2
Added Pin To Net: NetName=NetC7_1 Pin=R10-1
Added Net: Name=NetC7_1
Added Pin To Net: NetName=NetC8_2 Pin=C8-2
Added Pin To Net: NetName=NetC8_2 Pin=Q1-2
Added Pin To Net: NetName=NetC8_2 Pin=U5-23
Added Net: Name=NetC8_2
Added Pin To Net: NetName=NetC10_2 Pin=C10-2
Added Pin To Net: NetName=NetC10_2 Pin=Q1-1
Added Pin To Net: NetName=NetC10_2 Pin=U5-24
Added Net: Name=NetC10_2
Added Pin To Net: NetName=NetD1 Fault_2 Pin=D1 Fault-2
Added Pin To Net: NetName=NetD1 Fault_2 Pin=R5-2
Added Net: Name=NetD1 Fault_2
Added Pin To Net: NetName=NetD2 Heart_2 Pin=D2 Heart-2
Added Pin To Net: NetName=NetD2 Heart_2 Pin=R6-2
Added Net: Name=NetD2 Heart_2
Added Pin To Net: NetName=NetD3_2 Pin=D3-2
Added Pin To Net: NetName=NetD3_2 Pin=R7-1
Added Net: Name=NetD3_2
Added Pin To Net: NetName=NetJ1_2 Pin=J1-2
Added Pin To Net: NetName=NetJ1_2 Pin=U1-8
Added Net: Name=NetJ1_2
Added Pin To Net: NetName=NetJ1_3 Pin=J1-3
Added Pin To Net: NetName=NetJ1_3 Pin=R11-2
Added Net: Name=NetJ1_3
Added Pin To Net: NetName=NetR1_1 Pin=R1-1
Added Pin To Net: NetName=NetR1_1 Pin=X2-1
Added Net: Name=NetR1_1
Added Pin To Net: NetName=NetR1_2 Pin=R1-2
Added Pin To Net: NetName=NetR1_2 Pin=U5-48
Added Net: Name=NetR1_2
Added Pin To Net: NetName=NetR2_1 Pin=R2-1
Added Pin To Net: NetName=NetR2_1 Pin=X3-1
Added Net: Name=NetR2_1
Added Pin To Net: NetName=NetR2_2 Pin=R2-2
Added Pin To Net: NetName=NetR2_2 Pin=U5-49
Added Net: Name=NetR2_2
Added Pin To Net: NetName=NetR3_1 Pin=R3-1
Added Pin To Net: NetName=NetR3_1 Pin=X4-1
Added Net: Name=NetR3_1
Added Pin To Net: NetName=NetR3_2 Pin=R3-2
Added Pin To Net: NetName=NetR3_2 Pin=U5-51
Added Net: Name=NetR3_2
Added Pin To Net: NetName=NetR4_1 Pin=R4-1
Added Pin To Net: NetName=NetR4_1 Pin=X5-1
Added Net: Name=NetR4_1
Added Pin To Net: NetName=NetR4_2 Pin=R4-2
Added Pin To Net: NetName=NetR4_2 Pin=U5-50
Added Net: Name=NetR4_2
Added Pin To Net: NetName=NetR5_1 Pin=R5-1
Added Pin To Net: NetName=NetR5_1 Pin=U5-35
Added Net: Name=NetR5_1
Added Pin To Net: NetName=NetR6_1 Pin=R6-1
Added Pin To Net: NetName=NetR6_1 Pin=U5-37
Added Net: Name=NetR6_1
Added Pin To Net: NetName=NetR9_1 Pin=R9-1
Added Pin To Net: NetName=NetR9_1 Pin=U1-5
Added Net: Name=NetR9_1
Added Pin To Net: NetName=NetR13_2 Pin=R13-2
Added Pin To Net: NetName=NetR13_2 Pin=X18-1
Added Net: Name=NetR13_2
Added Pin To Net: NetName=NetR14_2 Pin=R14-2
Added Pin To Net: NetName=NetR14_2 Pin=X19-1
Added Net: Name=NetR14_2
Added Pin To Net: NetName=NetR15_2 Pin=R15-2
Added Pin To Net: NetName=NetR15_2 Pin=X20-1
Added Net: Name=NetR15_2
Added Pin To Net: NetName=NetR16_2 Pin=R16-2
Added Pin To Net: NetName=NetR16_2 Pin=X21-1
Added Net: Name=NetR16_2
Added Pin To Net: NetName=NetR17_2 Pin=R17-2
Added Pin To Net: NetName=NetR17_2 Pin=X14-1
Added Net: Name=NetR17_2
Added Pin To Net: NetName=NetR18_2 Pin=R18-2
Added Pin To Net: NetName=NetR18_2 Pin=X15-1
Added Net: Name=NetR18_2
Added Pin To Net: NetName=NetR19_2 Pin=R19-2
Added Pin To Net: NetName=NetR19_2 Pin=X16-1
Added Net: Name=NetR19_2
Added Pin To Net: NetName=NetR20_2 Pin=R20-2
Added Pin To Net: NetName=NetR20_2 Pin=X17-1
Added Net: Name=NetR20_2
Added Pin To Net: NetName=NetR21_1 Pin=R21-1
Added Pin To Net: NetName=NetR21_1 Pin=X22-1
Added Net: Name=NetR21_1
Added Pin To Net: NetName=NetR21_2 Pin=R21-2
Added Pin To Net: NetName=NetR21_2 Pin=U5-46
Added Net: Name=NetR21_2
Added Pin To Net: NetName=NetR22_1 Pin=R22-1
Added Pin To Net: NetName=NetR22_1 Pin=X23-1
Added Net: Name=NetR22_1
Added Pin To Net: NetName=NetR22_2 Pin=R22-2
Added Pin To Net: NetName=NetR22_2 Pin=U5-47
Added Net: Name=NetR22_2
Added Pin To Net: NetName=RE1.1 Pin=R13-1
Added Pin To Net: NetName=RE1.1 Pin=U5-10
Added Net: Name=RE1.1
Added Pin To Net: NetName=RE1.2 Pin=R14-1
Added Pin To Net: NetName=RE1.2 Pin=U5-11
Added Net: Name=RE1.2
Added Pin To Net: NetName=RE1.3 Pin=R15-1
Added Pin To Net: NetName=RE1.3 Pin=U5-12
Added Net: Name=RE1.3
Added Pin To Net: NetName=RE1.4 Pin=R16-1
Added Pin To Net: NetName=RE1.4 Pin=U5-13
Added Net: Name=RE1.4
Added Pin To Net: NetName=RE2.1 Pin=R17-1
Added Pin To Net: NetName=RE2.1 Pin=U5-14
Added Net: Name=RE2.1
Added Pin To Net: NetName=RE2.2 Pin=R18-1
Added Pin To Net: NetName=RE2.2 Pin=U5-15
Added Net: Name=RE2.2
Added Pin To Net: NetName=RE2.3 Pin=R19-1
Added Pin To Net: NetName=RE2.3 Pin=U5-16
Added Net: Name=RE2.3
Added Pin To Net: NetName=RE2.4 Pin=R20-1
Added Pin To Net: NetName=RE2.4 Pin=U5-17
Added Net: Name=RE2.4
Added Pin To Net: NetName=Reset_uC Pin=JTAG2-6
Added Pin To Net: NetName=Reset_uC Pin=U5-20
Added Pin To Net: NetName=Reset_uC Pin=U8-1
Added Net: Name=Reset_uC
Added Pin To Net: NetName=X_CAN_N Pin=U1-1
Added Pin To Net: NetName=X_CAN_N Pin=U5-30
Added Net: Name=X_CAN_N
Added Pin To Net: NetName=X_CAN_P Pin=U1-4
Added Pin To Net: NetName=X_CAN_P Pin=U5-31
Added Net: Name=X_CAN_P
Added Class: Name=SWC_P01
Added Differential Pair: Name=CAN
Added Differential Pair: Name=X_CAN
Added Room: Name=SWC_P01
